{"name": "test_6_missing_address", "status": "failed", "statusDetails": {"message": "AssertionError: Missing address should fail. Actual: Registration succeeded without address\nassert not True\n +  where True = is_registration_successful()\n +    where is_registration_successful = <pages.register_page.RegisterPage object at 0x000001AF5649EC30>.is_registration_successful", "trace": "self = <test_registration.TestParaBankRegistration object at 0x000001AF563B7350>\nsetup = (<selenium.webdriver.chrome.webdriver.WebDriver (session=\"65cab4fb503662ae8424442c30c58ec8\")>, 'https://parabank.parasoft.com/parabank')\n\n    def test_6_missing_address(self, setup):\n        \"\"\"Test 6: Registration with missing address should fail\"\"\"\n        driver, base_url = setup\n    \n        driver.get(f\"{base_url}/register.htm\")\n        time.sleep(2)\n    \n        register_page = RegisterPage(driver)\n        user_data = TestData.get_valid_user_data()\n        user_data['address'] = \"\"\n    \n        register_page.register_user(user_data)\n        time.sleep(2)\n    \n        # EXPECTED: Registration should FAIL\n>       assert not register_page.is_registration_successful(), \\\n            \"Missing address should fail. Actual: Registration succeeded without address\"\nE       AssertionError: Missing address should fail. Actual: Registration succeeded without address\nE       assert not True\nE        +  where True = is_registration_successful()\nE        +    where is_registration_successful = <pages.register_page.RegisterPage object at 0x000001AF5649EC30>.is_registration_successful\n\ntests\\test_registration.py:147: AssertionError"}, "description": "Test 6: Registration with missing address should fail", "start": 1765362568188, "stop": 1765362575022, "uuid": "3b33c6e3-9d0d-4020-88f8-080a9db2b0d4", "historyId": "d6355a167c72cace4701c5f67ca0ab95", "testCaseId": "d6355a167c72cace4701c5f67ca0ab95", "fullName": "tests.test_registration.TestParaBankRegistration#test_6_missing_address", "labels": [{"name": "parentSuite", "value": "tests"}, {"name": "suite", "value": "test_registration"}, {"name": "subSuite", "value": "TestParaBankRegistration"}, {"name": "host", "value": "LAPTOP-KFKF1IKR"}, {"name": "thread", "value": "19976-MainThread"}, {"name": "framework", "value": "pytest"}, {"name": "language", "value": "cpython3"}, {"name": "package", "value": "tests.test_registration"}]}