{"name": "test_5_empty_payee_name", "status": "failed", "statusDetails": {"message": "AssertionError: Payment should fail with empty payee name\nassert not True\n +  where True = is_successful()\n +    where is_successful = <pages.bill_pay_page.BillPayPage object at 0x0000021E8290DE00>.is_successful", "trace": "self = <test_bill_pay.TestBillPay object at 0x0000021E828D0290>\n\n    def test_5_empty_payee_name(self):\n        \"\"\"Test 5: Empty payee name -> should fail\"\"\"\n        print(\"\\nTest 5: Empty Payee Name\")\n    \n        bill_data = TestData.get_valid_bill_pay_data()\n        bill_data['payee_name'] = \"\"  # EMPTY NAME\n    \n        bill_pay_page = self._fill_and_submit_bill_form(bill_data)\n    \n        # Should NOT be successful\n>       assert not bill_pay_page.is_successful(), \"Payment should fail with empty payee name\"\nE       AssertionError: Payment should fail with empty payee name\nE       assert not True\nE        +  where True = is_successful()\nE        +    where is_successful = <pages.bill_pay_page.BillPayPage object at 0x0000021E8290DE00>.is_successful\n\ntests\\test_bill_pay.py:161: AssertionError"}, "description": "Test 5: Empty payee name -> should fail", "start": 1764846358129, "stop": 1764846364269, "uuid": "05d00a68-5842-4fbb-9f3b-1b99c7739b1e", "historyId": "cba485a583c9be40945c9159447b4785", "testCaseId": "cba485a583c9be40945c9159447b4785", "fullName": "tests.test_bill_pay.TestBillPay#test_5_empty_payee_name", "labels": [{"name": "parentSuite", "value": "tests"}, {"name": "suite", "value": "test_bill_pay"}, {"name": "subSuite", "value": "TestBillPay"}, {"name": "host", "value": "LAPTOP-KFKF1IKR"}, {"name": "thread", "value": "7524-MainThread"}, {"name": "framework", "value": "pytest"}, {"name": "language", "value": "cpython3"}, {"name": "package", "value": "tests.test_bill_pay"}]}