{"name": "test_5_missing_last_name", "status": "failed", "statusDetails": {"message": "AssertionError: Missing last name should fail. Actual: Registration succeeded without last name\nassert not True\n +  where True = is_registration_successful()\n +    where is_registration_successful = <pages.register_page.RegisterPage object at 0x000001AF568A1350>.is_registration_successful", "trace": "self = <test_registration.TestParaBankRegistration object at 0x000001AF56463E30>\nsetup = (<selenium.webdriver.chrome.webdriver.WebDriver (session=\"976eb5f69a5f38e3937353e691d97611\")>, 'https://parabank.parasoft.com/parabank')\n\n    def test_5_missing_last_name(self, setup):\n        \"\"\"Test 5: Registration with missing last name should fail\"\"\"\n        driver, base_url = setup\n    \n        driver.get(f\"{base_url}/register.htm\")\n        time.sleep(2)\n    \n        register_page = RegisterPage(driver)\n        user_data = TestData.get_valid_user_data()\n        user_data['last_name'] = \"\"\n    \n        register_page.register_user(user_data)\n        time.sleep(2)\n    \n        # EXPECTED: Registration should FAIL\n>       assert not register_page.is_registration_successful(), \\\n            \"Missing last name should fail. Actual: Registration succeeded without last name\"\nE       AssertionError: Missing last name should fail. Actual: Registration succeeded without last name\nE       assert not True\nE        +  where True = is_registration_successful()\nE        +    where is_registration_successful = <pages.register_page.RegisterPage object at 0x000001AF568A1350>.is_registration_successful\n\ntests\\test_registration.py:129: AssertionError"}, "description": "Test 5: Registration with missing last name should fail", "start": 1765362553856, "stop": 1765362561572, "uuid": "ce5391a5-964e-49a1-ad6d-2ff319a8d4ce", "historyId": "d60238e08764766f3cb5fa2e02bbf177", "testCaseId": "d60238e08764766f3cb5fa2e02bbf177", "fullName": "tests.test_registration.TestParaBankRegistration#test_5_missing_last_name", "labels": [{"name": "parentSuite", "value": "tests"}, {"name": "suite", "value": "test_registration"}, {"name": "subSuite", "value": "TestParaBankRegistration"}, {"name": "host", "value": "LAPTOP-KFKF1IKR"}, {"name": "thread", "value": "19976-MainThread"}, {"name": "framework", "value": "pytest"}, {"name": "language", "value": "cpython3"}, {"name": "package", "value": "tests.test_registration"}]}