{"name": "test_11_missing_password", "status": "failed", "statusDetails": {"message": "AssertionError: Missing password should fail. Actual: Registration succeeded without password\nassert not True\n +  where True = is_registration_successful()\n +    where is_registration_successful = <pages.register_page.RegisterPage object at 0x000001AF5647E990>.is_registration_successful", "trace": "self = <test_registration.TestParaBankRegistration object at 0x000001AF5647D310>\nsetup = (<selenium.webdriver.chrome.webdriver.WebDriver (session=\"8d8444163b7a96051b90d42b8a9862f1\")>, 'https://parabank.parasoft.com/parabank')\n\n    def test_11_missing_password(self, setup):\n        \"\"\"Test 11: Registration with missing password should fail\"\"\"\n        driver, base_url = setup\n    \n        driver.get(f\"{base_url}/register.htm\")\n        time.sleep(2)\n    \n        register_page = RegisterPage(driver)\n        user_data = TestData.get_valid_user_data()\n        user_data['password'] = \"\"\n    \n        register_page.register_user(user_data)\n        time.sleep(2)\n    \n        # EXPECTED: Registration should FAIL\n>       assert not register_page.is_registration_successful(), \\\n            \"Missing password should fail. Actual: Registration succeeded without password\"\nE       AssertionError: Missing password should fail. Actual: Registration succeeded without password\nE       assert not True\nE        +  where True = is_registration_successful()\nE        +    where is_registration_successful = <pages.register_page.RegisterPage object at 0x000001AF5647E990>.is_registration_successful\n\ntests\\test_registration.py:237: AssertionError"}, "description": "Test 11: Registration with missing password should fail", "start": 1765362634679, "stop": 1765362641636, "uuid": "246ad205-042d-4570-9b08-c70d5a535e01", "historyId": "457206db103156e74561a88c581527c1", "testCaseId": "457206db103156e74561a88c581527c1", "fullName": "tests.test_registration.TestParaBankRegistration#test_11_missing_password", "labels": [{"name": "parentSuite", "value": "tests"}, {"name": "suite", "value": "test_registration"}, {"name": "subSuite", "value": "TestParaBankRegistration"}, {"name": "host", "value": "LAPTOP-KFKF1IKR"}, {"name": "thread", "value": "19976-MainThread"}, {"name": "framework", "value": "pytest"}, {"name": "language", "value": "cpython3"}, {"name": "package", "value": "tests.test_registration"}]}