{"name": "test_bill_payment_with_errors", "status": "failed", "statusDetails": {"message": "AssertionError: assert False\n +  where False = is_registration_successful()\n +    where is_registration_successful = <pages.register_page.RegisterPage object at 0x000001C288DFDBD0>.is_registration_successful", "trace": "self = <test_bill_pay.TestParaBankBillPay object at 0x000001C288D5B890>\n\n    def test_bill_payment_with_errors(self):\n        \"\"\"Test bill payment with validation errors\"\"\"\n        # 1. Register new user\n        home_page = HomePage(self.driver)\n        home_page.navigate_to_register_page()\n    \n        timestamp = int(time.time())\n        user_data = {\n            'first_name': 'Error',\n            'last_name': 'Test',\n            'address': '456 Error St',\n            'city': 'Error City',\n            'state': 'EC',\n            'zip_code': '67890',\n            'phone': '5555555555',\n            'ssn': f'999-88-{timestamp}',\n            'username': f'errortest_{timestamp}',\n            'password': 'password123'\n        }\n    \n        register_page = RegisterPage(self.driver)\n        register_page.register_user(user_data)\n        time.sleep(2)\n    \n>       assert register_page.is_registration_successful()\nE       assert False\nE        +  where False = is_registration_successful()\nE        +    where is_registration_successful = <pages.register_page.RegisterPage object at 0x000001C288DFDBD0>.is_registration_successful\n\ntests\\test_bill_pay.py:107: AssertionError"}, "description": "Test bill payment with validation errors", "start": 1764831076378, "stop": 1764831083000, "uuid": "74228905-8b0a-492e-b48b-087295064a5d", "historyId": "b252d20e4f4fbe716324ca845ebfb408", "testCaseId": "b252d20e4f4fbe716324ca845ebfb408", "fullName": "tests.test_bill_pay.TestParaBankBillPay#test_bill_payment_with_errors", "labels": [{"name": "parentSuite", "value": "tests"}, {"name": "suite", "value": "test_bill_pay"}, {"name": "subSuite", "value": "TestParaBankBillPay"}, {"name": "host", "value": "LAPTOP-KFKF1IKR"}, {"name": "thread", "value": "1560-MainThread"}, {"name": "framework", "value": "pytest"}, {"name": "language", "value": "cpython3"}, {"name": "package", "value": "tests.test_bill_pay"}]}