{"name": "test_9_missing_ssn", "status": "failed", "statusDetails": {"message": "AssertionError: Missing SSN should fail. Actual: Registration succeeded without SSN\nassert not True\n +  where True = is_registration_successful()\n +    where is_registration_successful = <pages.register_page.RegisterPage object at 0x000001AF564BDB50>.is_registration_successful", "trace": "self = <test_registration.TestParaBankRegistration object at 0x000001AF564BD450>\nsetup = (<selenium.webdriver.chrome.webdriver.WebDriver (session=\"d842cef90d959d1238404d3b56fbdb5b\")>, 'https://parabank.parasoft.com/parabank')\n\n    def test_9_missing_ssn(self, setup):\n        \"\"\"Test 9: Registration with missing SSN should fail\"\"\"\n        driver, base_url = setup\n    \n        driver.get(f\"{base_url}/register.htm\")\n        time.sleep(2)\n    \n        register_page = RegisterPage(driver)\n        user_data = TestData.get_valid_user_data()\n        user_data['ssn'] = \"\"\n    \n        register_page.register_user(user_data)\n        time.sleep(2)\n    \n        # EXPECTED: Registration should FAIL\n>       assert not register_page.is_registration_successful(), \\\n            \"Missing SSN should fail. Actual: Registration succeeded without SSN\"\nE       AssertionError: Missing SSN should fail. Actual: Registration succeeded without SSN\nE       assert not True\nE        +  where True = is_registration_successful()\nE        +    where is_registration_successful = <pages.register_page.RegisterPage object at 0x000001AF564BDB50>.is_registration_successful\n\ntests\\test_registration.py:201: AssertionError"}, "description": "Test 9: Registration with missing SSN should fail", "start": 1765362608245, "stop": 1765362614212, "uuid": "b6da6605-297c-4bba-bfb3-bdb77f16f076", "historyId": "7f33b046ad780051c32e3795197547f0", "testCaseId": "7f33b046ad780051c32e3795197547f0", "fullName": "tests.test_registration.TestParaBankRegistration#test_9_missing_ssn", "labels": [{"name": "parentSuite", "value": "tests"}, {"name": "suite", "value": "test_registration"}, {"name": "subSuite", "value": "TestParaBankRegistration"}, {"name": "host", "value": "LAPTOP-KFKF1IKR"}, {"name": "thread", "value": "19976-MainThread"}, {"name": "framework", "value": "pytest"}, {"name": "language", "value": "cpython3"}, {"name": "package", "value": "tests.test_registration"}]}