{"name": "test_12_password_mismatch", "status": "failed", "statusDetails": {"message": "AssertionError: Mismatched passwords should fail. Actual: Registration succeeded with mismatched passwords\nassert not True\n +  where True = is_registration_successful()\n +    where is_registration_successful = <pages.register_page.RegisterPage object at 0x000001AF5647E8A0>.is_registration_successful", "trace": "self = <test_registration.TestParaBankRegistration object at 0x000001AF564A51D0>\nsetup = (<selenium.webdriver.chrome.webdriver.WebDriver (session=\"e79913d3cb7aec9855aed235991bb85b\")>, 'https://parabank.parasoft.com/parabank')\n\n    def test_12_password_mismatch(self, setup):\n        \"\"\"Test 12: Registration with mismatched passwords should fail\"\"\"\n        driver, base_url = setup\n    \n        driver.get(f\"{base_url}/register.htm\")\n        time.sleep(2)\n    \n        register_page = RegisterPage(driver)\n        user_data = TestData.get_valid_user_data()\n    \n        register_page.register_user(user_data, confirm_password=\"DifferentPassword123\")\n        time.sleep(2)\n    \n        # EXPECTED: Registration should FAIL\n>       assert not register_page.is_registration_successful(), \\\n            \"Mismatched passwords should fail. Actual: Registration succeeded with mismatched passwords\"\nE       AssertionError: Mismatched passwords should fail. Actual: Registration succeeded with mismatched passwords\nE       assert not True\nE        +  where True = is_registration_successful()\nE        +    where is_registration_successful = <pages.register_page.RegisterPage object at 0x000001AF5647E8A0>.is_registration_successful\n\ntests\\test_registration.py:254: AssertionError"}, "description": "Test 12: Registration with mismatched passwords should fail", "start": 1765362648376, "stop": 1765362654443, "uuid": "7f848993-9393-4ddf-b484-8083488de7c0", "historyId": "b555da3063a32e4c4e8a4ea3840e7406", "testCaseId": "b555da3063a32e4c4e8a4ea3840e7406", "fullName": "tests.test_registration.TestParaBankRegistration#test_12_password_mismatch", "labels": [{"name": "parentSuite", "value": "tests"}, {"name": "suite", "value": "test_registration"}, {"name": "subSuite", "value": "TestParaBankRegistration"}, {"name": "host", "value": "LAPTOP-KFKF1IKR"}, {"name": "thread", "value": "19976-MainThread"}, {"name": "framework", "value": "pytest"}, {"name": "language", "value": "cpython3"}, {"name": "package", "value": "tests.test_registration"}]}