{"name": "test_10_invalid_ssn_format", "status": "failed", "statusDetails": {"message": "AssertionError: Invalid SSN format should show errors. Expected: >0 errors, Actual: 0 errors\nassert 0 > 0", "trace": "self = <test_registration.TestParaBankRegistration object at 0x0000025DF5E3CE60>\n\n    def test_10_invalid_ssn_format(self):\n        \"\"\"Test 10: Invalid SSN format should fail\"\"\"\n        register_page = self._navigate_to_register_page()\n        user_data = TestData.get_valid_user_data()\n        user_data['ssn'] = \"abc-12-3456\"\n        register_page.register_user(user_data)\n        time.sleep(2)\n    \n        # EXPECTED: Should show errors\n        # ACTUAL: Number of error messages\n        error_count = len(register_page.get_error_messages())\n>       assert error_count > 0, \\\n            f\"Invalid SSN format should show errors. Expected: >0 errors, Actual: {error_count} errors\"\nE       AssertionError: Invalid SSN format should show errors. Expected: >0 errors, Actual: 0 errors\nE       assert 0 > 0\n\ntests\\test_registration.py:191: AssertionError"}, "description": "Test 10: Invalid SSN format should fail", "start": 1765014047175, "stop": 1765014063676, "uuid": "de8dc56a-60cc-4ba0-9336-6753d99f5826", "historyId": "4a9cd8aca37ab0b16a31fb1b51b1d709", "testCaseId": "4a9cd8aca37ab0b16a31fb1b51b1d709", "fullName": "tests.test_registration.TestParaBankRegistration#test_10_invalid_ssn_format", "labels": [{"name": "parentSuite", "value": "tests"}, {"name": "suite", "value": "test_registration"}, {"name": "subSuite", "value": "TestParaBankRegistration"}, {"name": "host", "value": "LAPTOP-KFKF1IKR"}, {"name": "thread", "value": "10268-MainThread"}, {"name": "framework", "value": "pytest"}, {"name": "language", "value": "cpython3"}, {"name": "package", "value": "tests.test_registration"}]}