{"name": "test_5_empty_payee_name", "status": "broken", "statusDetails": {"message": "selenium.common.exceptions.NoSuchWindowException: Message: no such window: target window already closed\nfrom unknown error: web view not found\n  (Session info: chrome=142.0.7444.176)\nStacktrace:\nSymbols not available. Dumping unresolved backtrace:\n\t0x744103\n\t0x744144\n\t0x54e71d\n\t0x52c32d\n\t0x5c329e\n\t0x5de749\n\t0x5bc706\n\t0x58da30\n\t0x58ed54\n\t0x9b57b4\n\t0x9b098a\n\t0x76c392\n\t0x75c4c8\n\t0x76324d\n\t0x74c478\n\t0x74c63c\n\t0x7367ca\n\t0x75745d49\n\t0x7733d6db\n\t0x7733d661", "trace": "self = <test_bill_pay.TestBillPay object at 0x00000220A05D0290>\n\n    def setup_method(self):\n        \"\"\"Setup before each test method\"\"\"\n        # Initialize ConfigReader\n        self.config = ConfigReader()\n        self.base_url = self.config.get_base_url()\n        self.timeout = self.config.get_timeout()\n    \n        # Setup driver\n        self.driver = webdriver.Chrome(service=Service(ChromeDriverManager().install()))\n        self.driver.implicitly_wait(self.timeout)\n        self.driver.maximize_window()\n    \n        # Register a user for bill pay tests\n        self.driver.get(f\"{self.base_url}/index.htm\")\n        home_page = HomePage(self.driver)\n>       home_page.navigate_to_register_page()\n\ntests\\test_bill_pay.py:35: \n_ _ _ _ _ _ _ _ _ _ _ _ _ _ _ _ _ _ _ _ _ _ _ _ _ _ _ _ _ _ _ _ _ _ _ _ _ _ _ _ _ _ _ _ _ _ _ _ _ _ _ _ _ _ _ _ _ _ _ _\npages\\home_page.py:24: in navigate_to_register_page\n    self.click(self.REGISTER_LINK)\npages\\home_page.py:18: in click\n    self.wait.until(EC.element_to_be_clickable(by_locator)).click()\n    ^^^^^^^^^^^^^^^^^^^^^^^^^^^^^^^^^^^^^^^^^^^^^^^^^^^^^^^\n..\\AppData\\Roaming\\Python\\Python313\\site-packages\\selenium\\webdriver\\support\\wait.py:129: in until\n    value = method(self._driver)\n            ^^^^^^^^^^^^^^^^^^^^\n..\\AppData\\Roaming\\Python\\Python313\\site-packages\\selenium\\webdriver\\support\\expected_conditions.py:624: in _predicate\n    target = driver.find_element(*target)  # grab element at locator\n             ^^^^^^^^^^^^^^^^^^^^^^^^^^^^\n..\\AppData\\Roaming\\Python\\Python313\\site-packages\\selenium\\webdriver\\remote\\webdriver.py:926: in find_element\n    return self.execute(Command.FIND_ELEMENT, {\"using\": by, \"value\": value})[\"value\"]\n           ^^^^^^^^^^^^^^^^^^^^^^^^^^^^^^^^^^^^^^^^^^^^^^^^^^^^^^^^^^^^^^^^^\n..\\AppData\\Roaming\\Python\\Python313\\site-packages\\selenium\\webdriver\\remote\\webdriver.py:458: in execute\n    self.error_handler.check_response(response)\n_ _ _ _ _ _ _ _ _ _ _ _ _ _ _ _ _ _ _ _ _ _ _ _ _ _ _ _ _ _ _ _ _ _ _ _ _ _ _ _ _ _ _ _ _ _ _ _ _ _ _ _ _ _ _ _ _ _ _ _\n\nself = <selenium.webdriver.remote.errorhandler.ErrorHandler object at 0x00000220A09DAD70>\nresponse = {'status': 404, 'value': '{\"value\":{\"error\":\"no such window\",\"message\":\"no such window: target window already closed\\\\...x75c4c8\\\\n\\\\t0x76324d\\\\n\\\\t0x74c478\\\\n\\\\t0x74c63c\\\\n\\\\t0x7367ca\\\\n\\\\t0x75745d49\\\\n\\\\t0x7733d6db\\\\n\\\\t0x7733d661\\\\n\"}}'}\n\n    def check_response(self, response: dict[str, Any]) -> None:\n        \"\"\"Checks that a JSON response from the WebDriver does not have an\n        error.\n    \n        :Args:\n         - response - The JSON response from the WebDriver server as a dictionary\n           object.\n    \n        :Raises: If the response contains an error message.\n        \"\"\"\n        status = response.get(\"status\", None)\n        if not status or status == ErrorCode.SUCCESS:\n            return\n        value = None\n        message = response.get(\"message\", \"\")\n        screen: str = response.get(\"screen\", \"\")\n        stacktrace = None\n        if isinstance(status, int):\n            value_json = response.get(\"value\", None)\n            if value_json and isinstance(value_json, str):\n                try:\n                    value = json.loads(value_json)\n                    if isinstance(value, dict):\n                        if len(value) == 1:\n                            value = value[\"value\"]\n                        status = value.get(\"error\", None)\n                        if not status:\n                            status = value.get(\"status\", ErrorCode.UNKNOWN_ERROR)\n                            message = value.get(\"value\") or value.get(\"message\")\n                            if not isinstance(message, str):\n                                value = message\n                                message = message.get(\"message\")\n                        else:\n                            message = value.get(\"message\", None)\n                except ValueError:\n                    pass\n    \n        exception_class: type[WebDriverException]\n        e = ErrorCode()\n        error_codes = [item for item in dir(e) if not item.startswith(\"__\")]\n        for error_code in error_codes:\n            error_info = getattr(ErrorCode, error_code)\n            if isinstance(error_info, list) and status in error_info:\n                exception_class = getattr(ExceptionMapping, error_code, WebDriverException)\n                break\n        else:\n            exception_class = WebDriverException\n    \n        if not value:\n            value = response[\"value\"]\n        if isinstance(value, str):\n            raise exception_class(value)\n        if message == \"\" and \"message\" in value:\n            message = value[\"message\"]\n    \n        screen = None  # type: ignore[assignment]\n        if \"screen\" in value:\n            screen = value[\"screen\"]\n    \n        stacktrace = None\n        st_value = value.get(\"stackTrace\") or value.get(\"stacktrace\")\n        if st_value:\n            if isinstance(st_value, str):\n                stacktrace = st_value.split(\"\\n\")\n            else:\n                stacktrace = []\n                try:\n                    for frame in st_value:\n                        line = frame.get(\"lineNumber\", \"\")\n                        file = frame.get(\"fileName\", \"<anonymous>\")\n                        if line:\n                            file = f\"{file}:{line}\"\n                        meth = frame.get(\"methodName\", \"<anonymous>\")\n                        if \"className\" in frame:\n                            meth = f\"{frame['className']}.{meth}\"\n                        msg = \"    at %s (%s)\"\n                        msg = msg % (meth, file)\n                        stacktrace.append(msg)\n                except TypeError:\n                    pass\n        if exception_class == UnexpectedAlertPresentException:\n            alert_text = None\n            if \"data\" in value:\n                alert_text = value[\"data\"].get(\"text\")\n            elif \"alert\" in value:\n                alert_text = value[\"alert\"].get(\"text\")\n            raise exception_class(message, screen, stacktrace, alert_text)  # type: ignore[call-arg]  # mypy is not smart enough here\n>       raise exception_class(message, screen, stacktrace)\nE       selenium.common.exceptions.NoSuchWindowException: Message: no such window: target window already closed\nE       from unknown error: web view not found\nE         (Session info: chrome=142.0.7444.176)\nE       Stacktrace:\nE       Symbols not available. Dumping unresolved backtrace:\nE       \t0x744103\nE       \t0x744144\nE       \t0x54e71d\nE       \t0x52c32d\nE       \t0x5c329e\nE       \t0x5de749\nE       \t0x5bc706\nE       \t0x58da30\nE       \t0x58ed54\nE       \t0x9b57b4\nE       \t0x9b098a\nE       \t0x76c392\nE       \t0x75c4c8\nE       \t0x76324d\nE       \t0x74c478\nE       \t0x74c63c\nE       \t0x7367ca\nE       \t0x75745d49\nE       \t0x7733d6db\nE       \t0x7733d661\n\n..\\AppData\\Roaming\\Python\\Python313\\site-packages\\selenium\\webdriver\\remote\\errorhandler.py:232: NoSuchWindowException"}, "description": "Test 5: Empty payee name - ParaBank accepts invalid data", "start": 1764912731638, "stop": 1764912731638, "uuid": "336aca33-15e3-4ef5-970f-f8efa78a3383", "historyId": "cba485a583c9be40945c9159447b4785", "testCaseId": "cba485a583c9be40945c9159447b4785", "fullName": "tests.test_bill_pay.TestBillPay#test_5_empty_payee_name", "labels": [{"name": "parentSuite", "value": "tests"}, {"name": "suite", "value": "test_bill_pay"}, {"name": "subSuite", "value": "TestBillPay"}, {"name": "host", "value": "LAPTOP-KFKF1IKR"}, {"name": "thread", "value": "27376-MainThread"}, {"name": "framework", "value": "pytest"}, {"name": "language", "value": "cpython3"}, {"name": "package", "value": "tests.test_bill_pay"}]}