{"name": "test_6_missing_password", "status": "failed", "statusDetails": {"message": "AssertionError: assert 0 > 0\n +  where 0 = len([])", "trace": "self = <test_registration.TestParaBankRegistration object at 0x00000207F71667A0>\n\n    def test_6_missing_password(self):\n        home_page = HomePage(self.driver)\n        home_page.navigate_to_register_page()\n    \n        user_data = TestData.get_valid_user_data()\n        user_data['password'] = \"\"\n    \n        register_page = RegisterPage(self.driver)\n        register_page.register_user(user_data)\n        time.sleep(2)\n    \n        errors = register_page.get_error_messages()\n>       assert len(errors) > 0\nE       assert 0 > 0\nE        +  where 0 = len([])\n\ntests\\test_registration.py:111: AssertionError"}, "start": 1764824763093, "stop": 1764824779986, "uuid": "246e13f8-e696-4d93-9d9c-473b957c3224", "historyId": "d7a949a09e8bf79f533ba45bf4ca2f8d", "testCaseId": "d7a949a09e8bf79f533ba45bf4ca2f8d", "fullName": "tests.test_registration.TestParaBankRegistration#test_6_missing_password", "labels": [{"name": "parentSuite", "value": "tests"}, {"name": "suite", "value": "test_registration"}, {"name": "subSuite", "value": "TestParaBankRegistration"}, {"name": "host", "value": "LAPTOP-KFKF1IKR"}, {"name": "thread", "value": "15724-MainThread"}, {"name": "framework", "value": "pytest"}, {"name": "language", "value": "cpython3"}, {"name": "package", "value": "tests.test_registration"}]}