{"name": "test_4_missing_first_name", "status": "failed", "statusDetails": {"message": "AssertionError: Missing first name should fail. Actual: Registration succeeded without first name\nassert not True\n +  where True = is_registration_successful()\n +    where is_registration_successful = <pages.register_page.RegisterPage object at 0x000001AF568A09D0>.is_registration_successful", "trace": "self = <test_registration.TestParaBankRegistration object at 0x000001AF56397950>\nsetup = (<selenium.webdriver.chrome.webdriver.WebDriver (session=\"f2c7edf7d5e37f8eaaa3a293c7df754a\")>, 'https://parabank.parasoft.com/parabank')\n\n    def test_4_missing_first_name(self, setup):\n        \"\"\"Test 4: Registration with missing first name should fail\"\"\"\n        driver, base_url = setup\n    \n        driver.get(f\"{base_url}/register.htm\")\n        time.sleep(2)\n    \n        register_page = RegisterPage(driver)\n        user_data = TestData.get_valid_user_data()\n        user_data['first_name'] = \"\"\n    \n        register_page.register_user(user_data)\n        time.sleep(2)\n    \n        # EXPECTED: Registration should FAIL\n>       assert not register_page.is_registration_successful(), \\\n            \"Missing first name should fail. Actual: Registration succeeded without first name\"\nE       AssertionError: Missing first name should fail. Actual: Registration succeeded without first name\nE       assert not True\nE        +  where True = is_registration_successful()\nE        +    where is_registration_successful = <pages.register_page.RegisterPage object at 0x000001AF568A09D0>.is_registration_successful\n\ntests\\test_registration.py:111: AssertionError"}, "description": "Test 4: Registration with missing first name should fail", "start": 1765362540303, "stop": 1765362547237, "uuid": "ab036885-d106-4ed4-a3b9-276455ec8191", "historyId": "caba96507f5439fa89490c440ef3ab41", "testCaseId": "caba96507f5439fa89490c440ef3ab41", "fullName": "tests.test_registration.TestParaBankRegistration#test_4_missing_first_name", "labels": [{"name": "parentSuite", "value": "tests"}, {"name": "suite", "value": "test_registration"}, {"name": "subSuite", "value": "TestParaBankRegistration"}, {"name": "host", "value": "LAPTOP-KFKF1IKR"}, {"name": "thread", "value": "19976-MainThread"}, {"name": "framework", "value": "pytest"}, {"name": "language", "value": "cpython3"}, {"name": "package", "value": "tests.test_registration"}]}