{"name": "test_10_missing_username", "status": "failed", "statusDetails": {"message": "AssertionError: Missing username should fail. Actual: Registration succeeded without username\nassert not True\n +  where True = is_registration_successful()\n +    where is_registration_successful = <pages.register_page.RegisterPage object at 0x000001AF564BFC50>.is_registration_successful", "trace": "self = <test_registration.TestParaBankRegistration object at 0x000001AF5647D130>\nsetup = (<selenium.webdriver.chrome.webdriver.WebDriver (session=\"63bd2b49829520687dbaff64ba435606\")>, 'https://parabank.parasoft.com/parabank')\n\n    def test_10_missing_username(self, setup):\n        \"\"\"Test 10: Registration with missing username should fail\"\"\"\n        driver, base_url = setup\n    \n        driver.get(f\"{base_url}/register.htm\")\n        time.sleep(2)\n    \n        register_page = RegisterPage(driver)\n        user_data = TestData.get_valid_user_data()\n        user_data['username'] = \"\"\n    \n        register_page.register_user(user_data)\n        time.sleep(2)\n    \n        # EXPECTED: Registration should FAIL\n>       assert not register_page.is_registration_successful(), \\\n            \"Missing username should fail. Actual: Registration succeeded without username\"\nE       AssertionError: Missing username should fail. Actual: Registration succeeded without username\nE       assert not True\nE        +  where True = is_registration_successful()\nE        +    where is_registration_successful = <pages.register_page.RegisterPage object at 0x000001AF564BFC50>.is_registration_successful\n\ntests\\test_registration.py:219: AssertionError"}, "description": "Test 10: Registration with missing username should fail", "start": 1765362620728, "stop": 1765362627628, "uuid": "0fe9fed8-5a5b-4b3a-a053-b4815cf8f0eb", "historyId": "e0152fbd6c29bcc841872957db594467", "testCaseId": "e0152fbd6c29bcc841872957db594467", "fullName": "tests.test_registration.TestParaBankRegistration#test_10_missing_username", "labels": [{"name": "parentSuite", "value": "tests"}, {"name": "suite", "value": "test_registration"}, {"name": "subSuite", "value": "TestParaBankRegistration"}, {"name": "host", "value": "LAPTOP-KFKF1IKR"}, {"name": "thread", "value": "19976-MainThread"}, {"name": "framework", "value": "pytest"}, {"name": "language", "value": "cpython3"}, {"name": "package", "value": "tests.test_registration"}]}