{"name": "test_2_empty_amount", "status": "failed", "statusDetails": {"message": "AssertionError: assert not True\n +  where True = is_successful()\n +    where is_successful = <pages.bill_pay_page.BillPayPage object at 0x000001FAF241FC50>.is_successful", "trace": "self = <test_bill_pay.TestBillPay object at 0x000001FAF241F9D0>\n\n    def test_2_empty_amount(self):\n        \"\"\"Test 2: Empty amount -> should fail\"\"\"\n        print(\"\\nTest 2: Empty Amount\")\n    \n        # Get valid data from test_data, then modify specific field\n        bill_data = TestData.get_valid_bill_pay_data()\n        bill_data['amount'] = \"\"  # MODIFY IN TEST CASE\n    \n        bill_pay_page = self._fill_and_submit_bill_form(bill_data)\n    \n        # Should show errors\n        assert bill_pay_page.has_errors()\n>       assert not bill_pay_page.is_successful()\nE       assert not True\nE        +  where True = is_successful()\nE        +    where is_successful = <pages.bill_pay_page.BillPayPage object at 0x000001FAF241FC50>.is_successful\n\ntests\\test_bill_pay.py:96: AssertionError"}, "description": "Test 2: Empty amount -> should fail", "start": 1764845979533, "stop": 1764845985846, "uuid": "91fa04ec-6fbc-4223-926f-97edb0906efb", "historyId": "b49124dabe26629b1a6528b915bc55fe", "testCaseId": "b49124dabe26629b1a6528b915bc55fe", "fullName": "tests.test_bill_pay.TestBillPay#test_2_empty_amount", "labels": [{"name": "parentSuite", "value": "tests"}, {"name": "suite", "value": "test_bill_pay"}, {"name": "subSuite", "value": "TestBillPay"}, {"name": "host", "value": "LAPTOP-KFKF1IKR"}, {"name": "thread", "value": "28632-MainThread"}, {"name": "framework", "value": "pytest"}, {"name": "language", "value": "cpython3"}, {"name": "package", "value": "tests.test_bill_pay"}]}