{"name": "test_8_missing_zip_code", "status": "failed", "statusDetails": {"message": "AssertionError: Missing zip code should fail. Actual: Registration succeeded without zip code\nassert not True\n +  where True = is_registration_successful()\n +    where is_registration_successful = <pages.register_page.RegisterPage object at 0x000001AF565416A0>.is_registration_successful", "trace": "self = <test_registration.TestParaBankRegistration object at 0x000001AF564BCC50>\nsetup = (<selenium.webdriver.chrome.webdriver.WebDriver (session=\"3d197ffd81c39966c0b43c0fb2296c32\")>, 'https://parabank.parasoft.com/parabank')\n\n    def test_8_missing_zip_code(self, setup):\n        \"\"\"Test 8: Registration with missing zip code should fail\"\"\"\n        driver, base_url = setup\n    \n        driver.get(f\"{base_url}/register.htm\")\n        time.sleep(2)\n    \n        register_page = RegisterPage(driver)\n        user_data = TestData.get_valid_user_data()\n        user_data['zip_code'] = \"\"\n    \n        register_page.register_user(user_data)\n        time.sleep(2)\n    \n        # EXPECTED: Registration should FAIL\n>       assert not register_page.is_registration_successful(), \\\n            \"Missing zip code should fail. Actual: Registration succeeded without zip code\"\nE       AssertionError: Missing zip code should fail. Actual: Registration succeeded without zip code\nE       assert not True\nE        +  where True = is_registration_successful()\nE        +    where is_registration_successful = <pages.register_page.RegisterPage object at 0x000001AF565416A0>.is_registration_successful\n\ntests\\test_registration.py:183: AssertionError"}, "description": "Test 8: Registration with missing zip code should fail", "start": 1765362594819, "stop": 1765362601893, "uuid": "9f7543f2-1fc0-445d-8b8e-db52a33603e9", "historyId": "e4944e3661bb9b12d20d54b05fbf81a1", "testCaseId": "e4944e3661bb9b12d20d54b05fbf81a1", "fullName": "tests.test_registration.TestParaBankRegistration#test_8_missing_zip_code", "labels": [{"name": "parentSuite", "value": "tests"}, {"name": "suite", "value": "test_registration"}, {"name": "subSuite", "value": "TestParaBankRegistration"}, {"name": "host", "value": "LAPTOP-KFKF1IKR"}, {"name": "thread", "value": "19976-MainThread"}, {"name": "framework", "value": "pytest"}, {"name": "language", "value": "cpython3"}, {"name": "package", "value": "tests.test_registration"}]}