{"name": "test_2_missing_first_name", "status": "broken", "statusDetails": {"message": "selenium.common.exceptions.TimeoutException: Message: \nStacktrace:\nSymbols not available. Dumping unresolved backtrace:\n\t0x434103\n\t0x434144\n\t0x23e71d\n\t0x28a03d\n\t0x28a41b\n\t0x2d17f2\n\t0x2ac954\n\t0x2cee17\n\t0x2ac706\n\t0x27da30\n\t0x27ed54\n\t0x6a57b4\n\t0x6a098a\n\t0x45c392\n\t0x44c4c8\n\t0x45324d\n\t0x43c478\n\t0x43c63c\n\t0x4267ca\n\t0x75745d49\n\t0x7733d6db\n\t0x7733d661", "trace": "self = <test_registration.TestParaBankRegistration object at 0x0000013C12FC39D0>\n\n    def test_2_missing_first_name(self):\n        home_page = HomePage(self.driver)\n>       home_page.navigate_to_register_page()\n\ntests\\test_registration.py:44: \n_ _ _ _ _ _ _ _ _ _ _ _ _ _ _ _ _ _ _ _ _ _ _ _ _ _ _ _ _ _ _ _ _ _ _ _ _ _ _ _ _ _ _ _ _ _ _ _ _ _ _ _ _ _ _ _ _ _ _ _ _ _ _ _ _ _ _ _\npages\\home_page.py:24: in navigate_to_register_page\n    self.click(self.REGISTER_LINK)\npages\\home_page.py:18: in click\n    self.wait.until(EC.element_to_be_clickable(by_locator)).click()\n_ _ _ _ _ _ _ _ _ _ _ _ _ _ _ _ _ _ _ _ _ _ _ _ _ _ _ _ _ _ _ _ _ _ _ _ _ _ _ _ _ _ _ _ _ _ _ _ _ _ _ _ _ _ _ _ _ _ _ _ _ _ _ _ _ _ _ _\n\nself = <selenium.webdriver.support.wait.WebDriverWait (session=\"b363df2ccb9b1bfac1daaf6d3d2b5e73\")>\nmethod = <function element_to_be_clickable.<locals>._predicate at 0x0000013C130DE520>, message = ''\n\n    def until(self, method: Callable[[D], Union[Literal[False], T]], message: str = \"\") -> T:\n        \"\"\"Wait until the method returns a value that is not False.\n    \n        Calls the method provided with the driver as an argument until the\n        return value does not evaluate to ``False``.\n    \n        Parameters:\n        -----------\n        method: callable(WebDriver)\n            - A callable object that takes a WebDriver instance as an argument.\n    \n        message: str\n            - Optional message for :exc:`TimeoutException`\n    \n        Return:\n        -------\n        object: T\n            - The result of the last call to `method`\n    \n        Raises:\n        -------\n        TimeoutException\n            - If 'method' does not return a truthy value within the WebDriverWait\n            object's timeout\n    \n        Example:\n        --------\n        >>> from selenium.webdriver.common.by import By\n        >>> from selenium.webdriver.support.ui import WebDriverWait\n        >>> from selenium.webdriver.support import expected_conditions as EC\n    \n        # Wait until an element is visible on the page\n        >>> wait = WebDriverWait(driver, 10)\n        >>> element = wait.until(EC.visibility_of_element_located((By.ID, \"exampleId\")))\n        >>> print(element.text)\n        \"\"\"\n        screen = None\n        stacktrace = None\n    \n        end_time = time.monotonic() + self._timeout\n        while True:\n            try:\n                value = method(self._driver)\n                if value:\n                    return value\n            except self._ignored_exceptions as exc:\n                screen = getattr(exc, \"screen\", None)\n                stacktrace = getattr(exc, \"stacktrace\", None)\n            if time.monotonic() > end_time:\n                break\n            time.sleep(self._poll)\n>       raise TimeoutException(message, screen, stacktrace)\nE       selenium.common.exceptions.TimeoutException: Message: \nE       Stacktrace:\nE       Symbols not available. Dumping unresolved backtrace:\nE       \t0x434103\nE       \t0x434144\nE       \t0x23e71d\nE       \t0x28a03d\nE       \t0x28a41b\nE       \t0x2d17f2\nE       \t0x2ac954\nE       \t0x2cee17\nE       \t0x2ac706\nE       \t0x27da30\nE       \t0x27ed54\nE       \t0x6a57b4\nE       \t0x6a098a\nE       \t0x45c392\nE       \t0x44c4c8\nE       \t0x45324d\nE       \t0x43c478\nE       \t0x43c63c\nE       \t0x4267ca\nE       \t0x75745d49\nE       \t0x7733d6db\nE       \t0x7733d661\n\n..\\AppData\\Roaming\\Python\\Python313\\site-packages\\selenium\\webdriver\\support\\wait.py:138: TimeoutException"}, "start": 1764737355553, "stop": 1764737385407, "uuid": "b135fc3c-d3ef-4844-952c-d5def7ce8a29", "historyId": "7d4cf1460faf27d2ae748bb1e11be667", "testCaseId": "7d4cf1460faf27d2ae748bb1e11be667", "fullName": "tests.test_registration.TestParaBankRegistration#test_2_missing_first_name", "labels": [{"name": "parentSuite", "value": "tests"}, {"name": "suite", "value": "test_registration"}, {"name": "subSuite", "value": "TestParaBankRegistration"}, {"name": "host", "value": "LAPTOP-KFKF1IKR"}, {"name": "thread", "value": "5704-MainThread"}, {"name": "framework", "value": "pytest"}, {"name": "language", "value": "cpython3"}, {"name": "package", "value": "tests.test_registration"}]}