{"name": "test_2_empty_bill_payment_shows_validation_errors", "status": "failed", "statusDetails": {"message": "AssertionError: Should show validation errors for empty form\nassert 0 > 0\n +  where 0 = len([])", "trace": "self = <test_bill_pay.TestBillPay object at 0x0000024783630170>\n\n    def test_2_empty_bill_payment_shows_validation_errors(self):\n        \"\"\"Updated from old test_2_empty_bill_payment_also_shows_error\"\"\"\n        print(\"\\n\" + \"=\"*60)\n        print(\"TEST: Empty Form Shows Validation Errors\")\n        print(\"=\"*60)\n    \n        # Register user\n        home_page = HomePage(self.driver)\n        home_page.navigate_to_register_page()\n    \n        user_data = TestData.get_valid_user_data()\n        register_page = RegisterPage(self.driver)\n        register_page.register_user(user_data)\n        time.sleep(2)\n    \n        # Go to Bill Pay page\n        self.driver.get(\"https://parabank.parasoft.com/parabank/billpay.htm\")\n        time.sleep(2)\n    \n        bill_pay_page = BillPayPage(self.driver)\n    \n        # Submit empty form\n        bill_pay_page.click_send_payment()\n        time.sleep(2)\n    \n        # Verify validation errors (not internal error)\n        errors = bill_pay_page.get_validation_errors()\n>       assert len(errors) > 0, \"Should show validation errors for empty form\"\nE       AssertionError: Should show validation errors for empty form\nE       assert 0 > 0\nE        +  where 0 = len([])\n\ntests\\test_bill_pay.py:307: AssertionError"}, "description": "Updated from old test_2_empty_bill_payment_also_shows_error", "start": 1764833419665, "stop": 1764833433058, "uuid": "be3b8b9f-ea73-436c-9d08-0d102921b5c0", "historyId": "6f18c40e614539d967fc9a3a6e6f3bc2", "testCaseId": "6f18c40e614539d967fc9a3a6e6f3bc2", "fullName": "tests.test_bill_pay.TestBillPay#test_2_empty_bill_payment_shows_validation_errors", "labels": [{"name": "parentSuite", "value": "tests"}, {"name": "suite", "value": "test_bill_pay"}, {"name": "subSuite", "value": "TestBillPay"}, {"name": "host", "value": "LAPTOP-KFKF1IKR"}, {"name": "thread", "value": "27728-MainThread"}, {"name": "framework", "value": "pytest"}, {"name": "language", "value": "cpython3"}, {"name": "package", "value": "tests.test_bill_pay"}]}