{"name": "test_9_all_fields_empty", "status": "failed", "statusDetails": {"message": "AssertionError: assert 0 > 0\n +  where 0 = len([])", "trace": "self = <test_registration.TestParaBankRegistration object at 0x0000017552018B50>\n\n    def test_9_all_fields_empty(self):\n        home_page = HomePage(self.driver)\n        home_page.navigate_to_register_page()\n    \n        empty_data = {\n            'first_name': '',\n            'last_name': '',\n            'address': '',\n            'city': '',\n            'state': '',\n            'zip_code': '',\n            'phone': '',\n            'ssn': '',\n            'username': '',\n            'password': ''\n        }\n    \n        register_page = RegisterPage(self.driver)\n        register_page.register_user(empty_data)\n        time.sleep(2)\n    \n        errors = register_page.get_error_messages()\n>       assert len(errors) > 0\nE       assert 0 > 0\nE        +  where 0 = len([])\n\ntests\\test_registration.py:174: AssertionError"}, "start": 1764822555496, "stop": 1764822579654, "uuid": "1154668f-d198-4549-9e23-f3d37e972254", "historyId": "b343b4509d17448291c19f039f4d6ea5", "testCaseId": "b343b4509d17448291c19f039f4d6ea5", "fullName": "tests.test_registration.TestParaBankRegistration#test_9_all_fields_empty", "labels": [{"name": "parentSuite", "value": "tests"}, {"name": "suite", "value": "test_registration"}, {"name": "subSuite", "value": "TestParaBankRegistration"}, {"name": "host", "value": "LAPTOP-KFKF1IKR"}, {"name": "thread", "value": "2704-MainThread"}, {"name": "framework", "value": "pytest"}, {"name": "language", "value": "cpython3"}, {"name": "package", "value": "tests.test_registration"}]}