{"name": "test_7_missing_city", "status": "failed", "statusDetails": {"message": "AssertionError: Missing city should fail. Actual: Registration succeeded without city\nassert not True\n +  where True = is_registration_successful()\n +    where is_registration_successful = <pages.register_page.RegisterPage object at 0x000001AF56541590>.is_registration_successful", "trace": "self = <test_registration.TestParaBankRegistration object at 0x000001AF563B7570>\nsetup = (<selenium.webdriver.chrome.webdriver.WebDriver (session=\"320a9ef76b7d9dfa242e41699a4423a5\")>, 'https://parabank.parasoft.com/parabank')\n\n    def test_7_missing_city(self, setup):\n        \"\"\"Test 7: Registration with missing city should fail\"\"\"\n        driver, base_url = setup\n    \n        driver.get(f\"{base_url}/register.htm\")\n        time.sleep(2)\n    \n        register_page = RegisterPage(driver)\n        user_data = TestData.get_valid_user_data()\n        user_data['city'] = \"\"\n    \n        register_page.register_user(user_data)\n        time.sleep(2)\n    \n        # EXPECTED: Registration should FAIL\n>       assert not register_page.is_registration_successful(), \\\n            \"Missing city should fail. Actual: Registration succeeded without city\"\nE       AssertionError: Missing city should fail. Actual: Registration succeeded without city\nE       assert not True\nE        +  where True = is_registration_successful()\nE        +    where is_registration_successful = <pages.register_page.RegisterPage object at 0x000001AF56541590>.is_registration_successful\n\ntests\\test_registration.py:165: AssertionError"}, "description": "Test 7: Registration with missing city should fail", "start": 1765362581435, "stop": 1765362588252, "uuid": "679d55e4-46b5-4898-8d93-5bfe7960c9fb", "historyId": "1cb4b9eff97e215a64f713aeecfa21cf", "testCaseId": "1cb4b9eff97e215a64f713aeecfa21cf", "fullName": "tests.test_registration.TestParaBankRegistration#test_7_missing_city", "labels": [{"name": "parentSuite", "value": "tests"}, {"name": "suite", "value": "test_registration"}, {"name": "subSuite", "value": "TestParaBankRegistration"}, {"name": "host", "value": "LAPTOP-KFKF1IKR"}, {"name": "thread", "value": "19976-MainThread"}, {"name": "framework", "value": "pytest"}, {"name": "language", "value": "cpython3"}, {"name": "package", "value": "tests.test_registration"}]}