{"name": "test_3_alphanumeric_amount", "status": "failed", "statusDetails": {"message": "AssertionError: Payment should fail with alphanumeric amount\nassert not True\n +  where True = is_successful()\n +    where is_successful = <pages.bill_pay_page.BillPayPage object at 0x00000230F52F1450>.is_successful", "trace": "self = <test_bill_pay.TestBillPay object at 0x00000230F5197A80>\n\n    def test_3_alphanumeric_amount(self):\n        \"\"\"Test 3: Alphanumeric amount -> should fail\"\"\"\n        print(\"\\nTest 3: Alphanumeric Amount\")\n    \n        # Get valid data, modify amount\n        bill_data = TestData.get_valid_bill_pay_data()\n        bill_data['amount'] = \"abc123\"  # ALPHANUMERIC AMOUNT\n    \n        bill_pay_page = self._fill_and_submit_bill_form(bill_data)\n    \n        # Should NOT be successful\n>       assert not bill_pay_page.is_successful(), \"Payment should fail with alphanumeric amount\"\nE       AssertionError: Payment should fail with alphanumeric amount\nE       assert not True\nE        +  where True = is_successful()\nE        +    where is_successful = <pages.bill_pay_page.BillPayPage object at 0x00000230F52F1450>.is_successful\n\ntests\\test_bill_pay.py:118: AssertionError"}, "description": "Test 3: Alphanumeric amount -> should fail", "start": 1764910260621, "stop": 1764910268362, "uuid": "69069fb1-1046-4669-b64e-094a020d20de", "historyId": "e2258186db84e694dd3b6db8e452d6d9", "testCaseId": "e2258186db84e694dd3b6db8e452d6d9", "fullName": "tests.test_bill_pay.TestBillPay#test_3_alphanumeric_amount", "labels": [{"name": "parentSuite", "value": "tests"}, {"name": "suite", "value": "test_bill_pay"}, {"name": "subSuite", "value": "TestBillPay"}, {"name": "host", "value": "LAPTOP-KFKF1IKR"}, {"name": "thread", "value": "22436-MainThread"}, {"name": "framework", "value": "pytest"}, {"name": "language", "value": "cpython3"}, {"name": "package", "value": "tests.test_bill_pay"}]}