{"name": "test_3_alphanumeric_amount", "status": "failed", "statusDetails": {"message": "AssertionError: assert not True\n +  where True = is_successful()\n +    where is_successful = <pages.bill_pay_page.BillPayPage object at 0x000001FAF24C4CD0>.is_successful", "trace": "self = <test_bill_pay.TestBillPay object at 0x000001FAF2357A80>\n\n    def test_3_alphanumeric_amount(self):\n        \"\"\"Test 3: Alphanumeric amount -> should fail\"\"\"\n        print(\"\\nTest 3: Alphanumeric Amount\")\n    \n        # Get valid data, modify amount\n        bill_data = TestData.get_valid_bill_pay_data()\n        bill_data['amount'] = \"abc123\"  # MODIFY IN TEST CASE\n    \n        bill_pay_page = self._fill_and_submit_bill_form(bill_data)\n    \n        assert bill_pay_page.has_errors()\n>       assert not bill_pay_page.is_successful()\nE       assert not True\nE        +  where True = is_successful()\nE        +    where is_successful = <pages.bill_pay_page.BillPayPage object at 0x000001FAF24C4CD0>.is_successful\n\ntests\\test_bill_pay.py:110: AssertionError"}, "description": "Test 3: Alphanumeric amount -> should fail", "start": 1764845999449, "stop": 1764846005928, "uuid": "189f1986-0e4e-4d94-9342-71732a70d3bb", "historyId": "e2258186db84e694dd3b6db8e452d6d9", "testCaseId": "e2258186db84e694dd3b6db8e452d6d9", "fullName": "tests.test_bill_pay.TestBillPay#test_3_alphanumeric_amount", "labels": [{"name": "parentSuite", "value": "tests"}, {"name": "suite", "value": "test_bill_pay"}, {"name": "subSuite", "value": "TestBillPay"}, {"name": "host", "value": "LAPTOP-KFKF1IKR"}, {"name": "thread", "value": "28632-MainThread"}, {"name": "framework", "value": "pytest"}, {"name": "language", "value": "cpython3"}, {"name": "package", "value": "tests.test_bill_pay"}]}