{"name": "test_5_missing_username", "status": "failed", "statusDetails": {"message": "AssertionError: assert 0 > 0\n +  where 0 = len([])", "trace": "self = <test_registration.TestParaBankRegistration object at 0x00000180FB4630B0>\n\n    def test_5_missing_username(self):\n        home_page = HomePage(self.driver)\n        home_page.navigate_to_register_page()\n    \n        user_data = TestData.get_valid_user_data()\n        user_data['username'] = \"\"\n    \n        register_page = RegisterPage(self.driver)\n        register_page.register_user(user_data)\n        time.sleep(2)\n    \n        errors = register_page.get_error_messages()\n>       assert len(errors) > 0\nE       assert 0 > 0\nE        +  where 0 = len([])\n\ntests\\test_registration.py:97: AssertionError"}, "start": 1764822742628, "stop": 1764822758438, "uuid": "99dda4a6-d9f1-4753-9128-2a8c125c995f", "historyId": "1cea51d68f4c083bfde1a6a4b9467b29", "testCaseId": "1cea51d68f4c083bfde1a6a4b9467b29", "fullName": "tests.test_registration.TestParaBankRegistration#test_5_missing_username", "labels": [{"name": "parentSuite", "value": "tests"}, {"name": "suite", "value": "test_registration"}, {"name": "subSuite", "value": "TestParaBankRegistration"}, {"name": "host", "value": "LAPTOP-KFKF1IKR"}, {"name": "thread", "value": "22880-MainThread"}, {"name": "framework", "value": "pytest"}, {"name": "language", "value": "cpython3"}, {"name": "package", "value": "tests.test_registration"}]}