{"name": "test_1_bill_payment_shows_success_message", "status": "failed", "statusDetails": {"message": "AssertionError: Expected 'Bill Payment Complete' success message, not error\nassert False\n +  where False = is_payment_successful()\n +    where is_payment_successful = <pages.bill_pay_page.BillPayPage object at 0x000002478357FB10>.is_payment_successful", "trace": "self = <test_bill_pay.TestBillPay object at 0x00000247835E8050>\n\n    def test_1_bill_payment_shows_success_message(self):\n        \"\"\"Updated from old test_1_bill_payment_shows_internal_error\"\"\"\n        print(\"\\n\" + \"=\"*60)\n        print(\"TEST: Bill Payment Shows Success Message\")\n        print(\"=\"*60)\n    \n        # Register user\n        home_page = HomePage(self.driver)\n        home_page.navigate_to_register_page()\n    \n        user_data = TestData.get_valid_user_data()\n        register_page = RegisterPage(self.driver)\n        register_page.register_user(user_data)\n        time.sleep(2)\n    \n        # Go to Bill Pay page\n        self.driver.get(\"https://parabank.parasoft.com/parabank/billpay.htm\")\n        time.sleep(2)\n    \n        bill_pay_page = BillPayPage(self.driver)\n    \n        # Fill and submit form\n        accounts = bill_pay_page.get_from_account_options()\n        payment_data = {\n            'name': 'Test Payee',\n            'address': '123 Test St',\n            'city': 'Test City',\n            'state': 'TS',\n            'zip_code': '12345',\n            'phone': '555-1234',\n            'account': '987654321',\n            'verify_account': '987654321',\n            'amount': '50.00',\n            'from_account': accounts[0] if accounts else None\n        }\n    \n        bill_pay_page.submit_bill_payment(payment_data)\n        time.sleep(3)\n    \n        # Verify SUCCESS (not error)\n>       assert bill_pay_page.is_payment_successful(), \\\n            \"Expected 'Bill Payment Complete' success message, not error\"\nE       AssertionError: Expected 'Bill Payment Complete' success message, not error\nE       assert False\nE        +  where False = is_payment_successful()\nE        +    where is_payment_successful = <pages.bill_pay_page.BillPayPage object at 0x000002478357FB10>.is_payment_successful\n\ntests\\test_bill_pay.py:275: AssertionError"}, "description": "Updated from old test_1_bill_payment_shows_internal_error", "start": 1764833380806, "stop": 1764833407911, "uuid": "acd8244f-9691-4138-885e-9bd249c436b3", "historyId": "60bda3b710fa537d52a027e12eeb1f98", "testCaseId": "60bda3b710fa537d52a027e12eeb1f98", "fullName": "tests.test_bill_pay.TestBillPay#test_1_bill_payment_shows_success_message", "labels": [{"name": "parentSuite", "value": "tests"}, {"name": "suite", "value": "test_bill_pay"}, {"name": "subSuite", "value": "TestBillPay"}, {"name": "host", "value": "LAPTOP-KFKF1IKR"}, {"name": "thread", "value": "27728-MainThread"}, {"name": "framework", "value": "pytest"}, {"name": "language", "value": "cpython3"}, {"name": "package", "value": "tests.test_bill_pay"}]}