{"name": "test_allure_simple_fail", "status": "failed", "statusDetails": {"message": "AssertionError: This should fail and capture screenshot\nassert (1 + 1) == 3", "trace": "def test_allure_simple_fail():\n        \"\"\"Simple failing test to check screenshots\"\"\"\n>       assert 1 + 1 == 3, \"This should fail and capture screenshot\"\nE       AssertionError: This should fail and capture screenshot\nE       assert (1 + 1) == 3\n\ntests\\test_allure_demo.py:12: AssertionError"}, "description": "Simple failing test to check screenshots", "start": 1765006185678, "stop": 1765006185679, "uuid": "39a0589b-bda9-4010-897c-3bce7f71b3a9", "historyId": "6d96ddcc6979bc43195c9802982eeeb4", "testCaseId": "6d96ddcc6979bc43195c9802982eeeb4", "fullName": "tests.test_allure_demo#test_allure_simple_fail", "labels": [{"name": "parentSuite", "value": "tests"}, {"name": "suite", "value": "test_allure_demo"}, {"name": "host", "value": "LAPTOP-KFKF1IKR"}, {"name": "thread", "value": "22856-MainThread"}, {"name": "framework", "value": "pytest"}, {"name": "language", "value": "cpython3"}, {"name": "package", "value": "tests.test_allure_demo"}]}