{"name": "test_12_short_password", "status": "broken", "statusDetails": {"message": "selenium.common.exceptions.TimeoutException: Message: \nStacktrace:\nSymbols not available. Dumping unresolved backtrace:\n\t0x3e4103\n\t0x3e4144\n\t0x1ee71d\n\t0x23a03d\n\t0x23a41b\n\t0x2817f2\n\t0x25c954\n\t0x27ee17\n\t0x25c706\n\t0x22da30\n\t0x22ed54\n\t0x6557b4\n\t0x65098a\n\t0x40c392\n\t0x3fc4c8\n\t0x40324d\n\t0x3ec478\n\t0x3ec63c\n\t0x3d67ca\n\t0x75745d49\n\t0x7733d6db\n\t0x7733d661", "trace": "self = <test_registration.TestParaBankRegistration object at 0x0000025DF5E44830>\n\n    def test_12_short_password(self):\n        \"\"\"Test 12: Short password should fail\"\"\"\n>       register_page = self._navigate_to_register_page()\n                        ^^^^^^^^^^^^^^^^^^^^^^^^^^^^^^^^^\n\ntests\\test_registration.py:210: \n_ _ _ _ _ _ _ _ _ _ _ _ _ _ _ _ _ _ _ _ _ _ _ _ _ _ _ _ _ _ _ _ _ _ _ _ _ _ _ _ _ _ _ _ _ _ _ _ _ _ _ _ _ _ _ _ _ _ _ _\ntests\\test_registration.py:29: in _navigate_to_register_page\n    home_page.navigate_to_register_page()\npages\\home_page.py:24: in navigate_to_register_page\n    self.click(self.REGISTER_LINK)\npages\\home_page.py:18: in click\n    self.wait.until(EC.element_to_be_clickable(by_locator)).click()\n    ^^^^^^^^^^^^^^^^^^^^^^^^^^^^^^^^^^^^^^^^^^^^^^^^^^^^^^^\n_ _ _ _ _ _ _ _ _ _ _ _ _ _ _ _ _ _ _ _ _ _ _ _ _ _ _ _ _ _ _ _ _ _ _ _ _ _ _ _ _ _ _ _ _ _ _ _ _ _ _ _ _ _ _ _ _ _ _ _\n\nself = <selenium.webdriver.support.wait.WebDriverWait (session=\"d11b8784a1695b5bf7bb0033c5d04193\")>\nmethod = <function element_to_be_clickable.<locals>._predicate at 0x0000025DF5E83600>, message = ''\n\n    def until(self, method: Callable[[D], Union[Literal[False], T]], message: str = \"\") -> T:\n        \"\"\"Wait until the method returns a value that is not False.\n    \n        Calls the method provided with the driver as an argument until the\n        return value does not evaluate to ``False``.\n    \n        Parameters:\n        -----------\n        method: callable(WebDriver)\n            - A callable object that takes a WebDriver instance as an argument.\n    \n        message: str\n            - Optional message for :exc:`TimeoutException`\n    \n        Return:\n        -------\n        object: T\n            - The result of the last call to `method`\n    \n        Raises:\n        -------\n        TimeoutException\n            - If 'method' does not return a truthy value within the WebDriverWait\n            object's timeout\n    \n        Example:\n        --------\n        >>> from selenium.webdriver.common.by import By\n        >>> from selenium.webdriver.support.ui import WebDriverWait\n        >>> from selenium.webdriver.support import expected_conditions as EC\n    \n        # Wait until an element is visible on the page\n        >>> wait = WebDriverWait(driver, 10)\n        >>> element = wait.until(EC.visibility_of_element_located((By.ID, \"exampleId\")))\n        >>> print(element.text)\n        \"\"\"\n        screen = None\n        stacktrace = None\n    \n        end_time = time.monotonic() + self._timeout\n        while True:\n            try:\n                value = method(self._driver)\n                if value:\n                    return value\n            except self._ignored_exceptions as exc:\n                screen = getattr(exc, \"screen\", None)\n                stacktrace = getattr(exc, \"stacktrace\", None)\n            if time.monotonic() > end_time:\n                break\n            time.sleep(self._poll)\n>       raise TimeoutException(message, screen, stacktrace)\nE       selenium.common.exceptions.TimeoutException: Message: \nE       Stacktrace:\nE       Symbols not available. Dumping unresolved backtrace:\nE       \t0x3e4103\nE       \t0x3e4144\nE       \t0x1ee71d\nE       \t0x23a03d\nE       \t0x23a41b\nE       \t0x2817f2\nE       \t0x25c954\nE       \t0x27ee17\nE       \t0x25c706\nE       \t0x22da30\nE       \t0x22ed54\nE       \t0x6557b4\nE       \t0x65098a\nE       \t0x40c392\nE       \t0x3fc4c8\nE       \t0x40324d\nE       \t0x3ec478\nE       \t0x3ec63c\nE       \t0x3d67ca\nE       \t0x75745d49\nE       \t0x7733d6db\nE       \t0x7733d661\n\n..\\AppData\\Roaming\\Python\\Python313\\site-packages\\selenium\\webdriver\\support\\wait.py:138: TimeoutException"}, "description": "Test 12: Short password should fail", "start": 1765014117234, "stop": 1765014168919, "uuid": "452be402-799d-4042-9c7f-2194898e697e", "historyId": "eab3be518e2e1341c2ebfeb96a5263ec", "testCaseId": "eab3be518e2e1341c2ebfeb96a5263ec", "fullName": "tests.test_registration.TestParaBankRegistration#test_12_short_password", "labels": [{"name": "parentSuite", "value": "tests"}, {"name": "suite", "value": "test_registration"}, {"name": "subSuite", "value": "TestParaBankRegistration"}, {"name": "host", "value": "LAPTOP-KFKF1IKR"}, {"name": "thread", "value": "10268-MainThread"}, {"name": "framework", "value": "pytest"}, {"name": "language", "value": "cpython3"}, {"name": "package", "value": "tests.test_registration"}]}