{"name": "test_5_empty_payee_name", "status": "failed", "statusDetails": {"message": "AssertionError: assert not True\n +  where True = is_successful()\n +    where is_successful = <pages.bill_pay_page.BillPayPage object at 0x000001FAF24F5F30>.is_successful", "trace": "self = <test_bill_pay.TestBillPay object at 0x000001FAF249C290>\n\n    def test_5_empty_payee_name(self):\n        \"\"\"Test 5: Empty payee name -> should fail\"\"\"\n        print(\"\\nTest 5: Empty Payee Name\")\n    \n        bill_data = TestData.get_valid_bill_pay_data()\n        bill_data['payee_name'] = \"\"  # EMPTY NAME\n    \n        bill_pay_page = self._fill_and_submit_bill_form(bill_data)\n    \n        assert bill_pay_page.has_errors()\n>       assert not bill_pay_page.is_successful()\nE       assert not True\nE        +  where True = is_successful()\nE        +    where is_successful = <pages.bill_pay_page.BillPayPage object at 0x000001FAF24F5F30>.is_successful\n\ntests\\test_bill_pay.py:137: AssertionError"}, "description": "Test 5: Empty payee name -> should fail", "start": 1764846037815, "stop": 1764846044379, "uuid": "667e766f-dee6-4c1d-b98a-06a9f37fc65d", "historyId": "cba485a583c9be40945c9159447b4785", "testCaseId": "cba485a583c9be40945c9159447b4785", "fullName": "tests.test_bill_pay.TestBillPay#test_5_empty_payee_name", "labels": [{"name": "parentSuite", "value": "tests"}, {"name": "suite", "value": "test_bill_pay"}, {"name": "subSuite", "value": "TestBillPay"}, {"name": "host", "value": "LAPTOP-KFKF1IKR"}, {"name": "thread", "value": "28632-MainThread"}, {"name": "framework", "value": "pytest"}, {"name": "language", "value": "cpython3"}, {"name": "package", "value": "tests.test_bill_pay"}]}