{"name": "test_7_missing_ssn", "status": "broken", "statusDetails": {"message": "selenium.common.exceptions.WebDriverException: Message: unknown error: Call WaitForPendingNavigations only on the parent WebView\n  (Session info: chrome=142.0.7444.176)\nStacktrace:\nSymbols not available. Dumping unresolved backtrace:\n\t0x434103\n\t0x434144\n\t0x23e71d\n\t0x24b543\n\t0x2cf14f\n\t0x2ac706\n\t0x27da30\n\t0x27ed54\n\t0x6a57b4\n\t0x6a098a\n\t0x45c392\n\t0x44c4c8\n\t0x45324d\n\t0x43c478\n\t0x43c63c\n\t0x4267ca\n\t0x75745d49\n\t0x7733d6db\n\t0x7733d661", "trace": "self = <test_registration.TestParaBankRegistration object at 0x0000013C13014E20>\n\n    def test_7_missing_ssn(self):\n>       home_page = HomePage(self.driver)\n\ntests\\test_registration.py:114: \n_ _ _ _ _ _ _ _ _ _ _ _ _ _ _ _ _ _ _ _ _ _ _ _ _ _ _ _ _ _ _ _ _ _ _ _ _ _ _ _ _ _ _ _ _ _ _ _ _ _ _ _ _ _ _ _ _ _ _ _ _ _ _ _ _ _ _ _\npages\\home_page.py:15: in __init__\n    self.driver.get(\"https://parabank.parasoft.com/parabank\")\n..\\AppData\\Roaming\\Python\\Python313\\site-packages\\selenium\\webdriver\\remote\\webdriver.py:483: in get\n    self.execute(Command.GET, {\"url\": url})\n..\\AppData\\Roaming\\Python\\Python313\\site-packages\\selenium\\webdriver\\remote\\webdriver.py:458: in execute\n    self.error_handler.check_response(response)\n_ _ _ _ _ _ _ _ _ _ _ _ _ _ _ _ _ _ _ _ _ _ _ _ _ _ _ _ _ _ _ _ _ _ _ _ _ _ _ _ _ _ _ _ _ _ _ _ _ _ _ _ _ _ _ _ _ _ _ _ _ _ _ _ _ _ _ _\n\nself = <selenium.webdriver.remote.errorhandler.ErrorHandler object at 0x0000013C13016580>\nresponse = {'status': 500, 'value': '{\"value\":{\"error\":\"unknown error\",\"message\":\"unknown error: Call WaitForPendingNavigations o...x44c4c8\\\\n\\\\t0x45324d\\\\n\\\\t0x43c478\\\\n\\\\t0x43c63c\\\\n\\\\t0x4267ca\\\\n\\\\t0x75745d49\\\\n\\\\t0x7733d6db\\\\n\\\\t0x7733d661\\\\n\"}}'}\n\n    def check_response(self, response: dict[str, Any]) -> None:\n        \"\"\"Checks that a JSON response from the WebDriver does not have an\n        error.\n    \n        :Args:\n         - response - The JSON response from the WebDriver server as a dictionary\n           object.\n    \n        :Raises: If the response contains an error message.\n        \"\"\"\n        status = response.get(\"status\", None)\n        if not status or status == ErrorCode.SUCCESS:\n            return\n        value = None\n        message = response.get(\"message\", \"\")\n        screen: str = response.get(\"screen\", \"\")\n        stacktrace = None\n        if isinstance(status, int):\n            value_json = response.get(\"value\", None)\n            if value_json and isinstance(value_json, str):\n                try:\n                    value = json.loads(value_json)\n                    if isinstance(value, dict):\n                        if len(value) == 1:\n                            value = value[\"value\"]\n                        status = value.get(\"error\", None)\n                        if not status:\n                            status = value.get(\"status\", ErrorCode.UNKNOWN_ERROR)\n                            message = value.get(\"value\") or value.get(\"message\")\n                            if not isinstance(message, str):\n                                value = message\n                                message = message.get(\"message\")\n                        else:\n                            message = value.get(\"message\", None)\n                except ValueError:\n                    pass\n    \n        exception_class: type[WebDriverException]\n        e = ErrorCode()\n        error_codes = [item for item in dir(e) if not item.startswith(\"__\")]\n        for error_code in error_codes:\n            error_info = getattr(ErrorCode, error_code)\n            if isinstance(error_info, list) and status in error_info:\n                exception_class = getattr(ExceptionMapping, error_code, WebDriverException)\n                break\n        else:\n            exception_class = WebDriverException\n    \n        if not value:\n            value = response[\"value\"]\n        if isinstance(value, str):\n            raise exception_class(value)\n        if message == \"\" and \"message\" in value:\n            message = value[\"message\"]\n    \n        screen = None  # type: ignore[assignment]\n        if \"screen\" in value:\n            screen = value[\"screen\"]\n    \n        stacktrace = None\n        st_value = value.get(\"stackTrace\") or value.get(\"stacktrace\")\n        if st_value:\n            if isinstance(st_value, str):\n                stacktrace = st_value.split(\"\\n\")\n            else:\n                stacktrace = []\n                try:\n                    for frame in st_value:\n                        line = frame.get(\"lineNumber\", \"\")\n                        file = frame.get(\"fileName\", \"<anonymous>\")\n                        if line:\n                            file = f\"{file}:{line}\"\n                        meth = frame.get(\"methodName\", \"<anonymous>\")\n                        if \"className\" in frame:\n                            meth = f\"{frame['className']}.{meth}\"\n                        msg = \"    at %s (%s)\"\n                        msg = msg % (meth, file)\n                        stacktrace.append(msg)\n                except TypeError:\n                    pass\n        if exception_class == UnexpectedAlertPresentException:\n            alert_text = None\n            if \"data\" in value:\n                alert_text = value[\"data\"].get(\"text\")\n            elif \"alert\" in value:\n                alert_text = value[\"alert\"].get(\"text\")\n            raise exception_class(message, screen, stacktrace, alert_text)  # type: ignore[call-arg]  # mypy is not smart enough here\n>       raise exception_class(message, screen, stacktrace)\nE       selenium.common.exceptions.WebDriverException: Message: unknown error: Call WaitForPendingNavigations only on the parent WebView\nE         (Session info: chrome=142.0.7444.176)\nE       Stacktrace:\nE       Symbols not available. Dumping unresolved backtrace:\nE       \t0x434103\nE       \t0x434144\nE       \t0x23e71d\nE       \t0x24b543\nE       \t0x2cf14f\nE       \t0x2ac706\nE       \t0x27da30\nE       \t0x27ed54\nE       \t0x6a57b4\nE       \t0x6a098a\nE       \t0x45c392\nE       \t0x44c4c8\nE       \t0x45324d\nE       \t0x43c478\nE       \t0x43c63c\nE       \t0x4267ca\nE       \t0x75745d49\nE       \t0x7733d6db\nE       \t0x7733d661\n\n..\\AppData\\Roaming\\Python\\Python313\\site-packages\\selenium\\webdriver\\remote\\errorhandler.py:232: WebDriverException"}, "start": 1764737449932, "stop": 1764737451259, "uuid": "92c690d0-390a-49b1-bb9d-f361cc0bf040", "historyId": "0244cec088eaef1985c8ce3b3b6e00b5", "testCaseId": "0244cec088eaef1985c8ce3b3b6e00b5", "fullName": "tests.test_registration.TestParaBankRegistration#test_7_missing_ssn", "labels": [{"name": "parentSuite", "value": "tests"}, {"name": "suite", "value": "test_registration"}, {"name": "subSuite", "value": "TestParaBankRegistration"}, {"name": "host", "value": "LAPTOP-KFKF1IKR"}, {"name": "thread", "value": "5704-MainThread"}, {"name": "framework", "value": "pytest"}, {"name": "language", "value": "cpython3"}, {"name": "package", "value": "tests.test_registration"}]}