{"name": "test_1_successful_bill_payment", "status": "broken", "statusDetails": {"message": "selenium.common.exceptions.TimeoutException: Message:", "trace": "self = <test_bill_pay.TestParaBankBillPay object at 0x000002631182F610>\n\n    def test_1_successful_bill_payment(self):\n        \"\"\"Test successful bill payment after registration\"\"\"\n        # Step 1: Register new user using existing TestData\n        home_page = HomePage(self.driver)\n        home_page.navigate_to_register_page()\n    \n        # ✅ Use existing method that already creates unique data\n        user_data = TestData.get_valid_user_data()\n    \n        register_page = RegisterPage(self.driver)\n        register_page.register_user(user_data)\n        time.sleep(2)\n    \n        # Verify registration\n        assert register_page.is_registration_successful()\n        print(f\"✓ User '{user_data['username']}' registered successfully\")\n    \n        # Step 2: Go to Bill Pay\n        bill_pay_page = BillPayPage(self.driver)\n        bill_pay_page.navigate_to_bill_pay()\n    \n        # Step 3: Make bill payment\n        payment_data = {\n            'name': 'Electric Company',\n            'address': '123 Power Street',\n            'city': 'New York',\n            'state': 'NY',\n            'zip_code': '10001',\n            'phone': '555-0123',\n            'account': '123456789',\n            'amount': '50.00'\n            # from_account not needed - will use default\n        }\n    \n        bill_pay_page.submit_bill_payment(payment_data)\n        time.sleep(3)\n    \n        # Step 4: Verify success\n>       assert bill_pay_page.is_payment_successful()\n               ^^^^^^^^^^^^^^^^^^^^^^^^^^^^^^^^^^^^^\n\ntests\\test_bill_pay.py:70: \n_ _ _ _ _ _ _ _ _ _ _ _ _ _ _ _ _ _ _ _ _ _ _ _ _ _ _ _ _ _ _ _ _ _ _ _ _ _ _ _ _ _ _ _ _ _ _ _ _ _ _ _ _ _ _ _ _ _ _ _ _ _ _ _ _ _ _ _\npages\\bill_pay_page.py:154: in is_payment_successful\n    return self.is_visible(self.PAYMENT_SUCCESS_TITLE)\n           ^^^^^^^^^^^^^^^^^^^^^^^^^^^^^^^^^^^^^^^^^^^\nutilities\\base_page.py:37: in is_visible\n    element = self.wait.until(EC.visibility_of_element_located(by_locator))\n              ^^^^^^^^^^^^^^^^^^^^^^^^^^^^^^^^^^^^^^^^^^^^^^^^^^^^^^^^^^^^^\n_ _ _ _ _ _ _ _ _ _ _ _ _ _ _ _ _ _ _ _ _ _ _ _ _ _ _ _ _ _ _ _ _ _ _ _ _ _ _ _ _ _ _ _ _ _ _ _ _ _ _ _ _ _ _ _ _ _ _ _ _ _ _ _ _ _ _ _\n\nself = <selenium.webdriver.support.wait.WebDriverWait (session=\"1a8330de73bb75a02db3da3b47b981cc\")>\nmethod = <function visibility_of_element_located.<locals>._predicate at 0x00000263118BF2E0>, message = ''\n\n    def until(self, method: Callable[[D], Union[Literal[False], T]], message: str = \"\") -> T:\n        \"\"\"Wait until the method returns a value that is not False.\n    \n        Calls the method provided with the driver as an argument until the\n        return value does not evaluate to ``False``.\n    \n        Parameters:\n        -----------\n        method: callable(WebDriver)\n            - A callable object that takes a WebDriver instance as an argument.\n    \n        message: str\n            - Optional message for :exc:`TimeoutException`\n    \n        Return:\n        -------\n        object: T\n            - The result of the last call to `method`\n    \n        Raises:\n        -------\n        TimeoutException\n            - If 'method' does not return a truthy value within the WebDriverWait\n            object's timeout\n    \n        Example:\n        --------\n        >>> from selenium.webdriver.common.by import By\n        >>> from selenium.webdriver.support.ui import WebDriverWait\n        >>> from selenium.webdriver.support import expected_conditions as EC\n    \n        # Wait until an element is visible on the page\n        >>> wait = WebDriverWait(driver, 10)\n        >>> element = wait.until(EC.visibility_of_element_located((By.ID, \"exampleId\")))\n        >>> print(element.text)\n        \"\"\"\n        screen = None\n        stacktrace = None\n    \n        end_time = time.monotonic() + self._timeout\n        while True:\n            try:\n                value = method(self._driver)\n                if value:\n                    return value\n            except self._ignored_exceptions as exc:\n                screen = getattr(exc, \"screen\", None)\n                stacktrace = getattr(exc, \"stacktrace\", None)\n            if time.monotonic() > end_time:\n                break\n            time.sleep(self._poll)\n>       raise TimeoutException(message, screen, stacktrace)\nE       selenium.common.exceptions.TimeoutException: Message:\n\n..\\AppData\\Roaming\\Python\\Python313\\site-packages\\selenium\\webdriver\\support\\wait.py:138: TimeoutException"}, "description": "Test successful bill payment after registration", "start": 1764831277364, "stop": 1764831302314, "uuid": "f902e316-da61-4a19-85f6-029ad44b2ce4", "historyId": "fdad081de5092da82cb358a092f01385", "testCaseId": "fdad081de5092da82cb358a092f01385", "fullName": "tests.test_bill_pay.TestParaBankBillPay#test_1_successful_bill_payment", "labels": [{"name": "parentSuite", "value": "tests"}, {"name": "suite", "value": "test_bill_pay"}, {"name": "subSuite", "value": "TestParaBankBillPay"}, {"name": "host", "value": "LAPTOP-KFKF1IKR"}, {"name": "thread", "value": "31536-MainThread"}, {"name": "framework", "value": "pytest"}, {"name": "language", "value": "cpython3"}, {"name": "package", "value": "tests.test_bill_pay"}]}