{"uid":"78fe9b76d3494b24","name":"test_5_missing_username","fullName":"tests.test_registration.TestParaBankRegistration#test_5_missing_username","historyId":"1cea51d68f4c083bfde1a6a4b9467b29","time":{"start":1764822742628,"stop":1764822758438,"duration":15810},"status":"failed","statusMessage":"AssertionError: assert 0 > 0\n +  where 0 = len([])","statusTrace":"self = <test_registration.TestParaBankRegistration object at 0x00000180FB4630B0>\n\n    def test_5_missing_username(self):\n        home_page = HomePage(self.driver)\n        home_page.navigate_to_register_page()\n    \n        user_data = TestData.get_valid_user_data()\n        user_data['username'] = \"\"\n    \n        register_page = RegisterPage(self.driver)\n        register_page.register_user(user_data)\n        time.sleep(2)\n    \n        errors = register_page.get_error_messages()\n>       assert len(errors) > 0\nE       assert 0 > 0\nE        +  where 0 = len([])\n\ntests\\test_registration.py:97: AssertionError","flaky":false,"newFailed":false,"newBroken":false,"newPassed":false,"retriesCount":4,"retriesStatusChange":true,"beforeStages":[{"name":"base_url","time":{"start":1764822678095,"stop":1764822678095,"duration":0},"status":"passed","steps":[],"attachments":[],"parameters":[],"hasContent":false,"attachmentsCount":0,"shouldDisplayMessage":false,"stepsCount":0,"attachmentStep":false},{"name":"_verify_url","time":{"start":1764822678095,"stop":1764822678095,"duration":0},"status":"passed","steps":[],"attachments":[],"parameters":[],"hasContent":false,"attachmentsCount":0,"shouldDisplayMessage":false,"stepsCount":0,"attachmentStep":false},{"name":"_xunit_setup_method_fixture_TestParaBankRegistration","time":{"start":1764822736898,"stop":1764822742627,"duration":5729},"status":"passed","steps":[],"attachments":[],"parameters":[],"hasContent":false,"attachmentsCount":0,"shouldDisplayMessage":false,"stepsCount":0,"attachmentStep":false}],"afterStages":[{"name":"_xunit_setup_method_fixture_TestParaBankRegistration::0","time":{"start":1764822758823,"stop":1764822761453,"duration":2630},"status":"passed","steps":[],"attachments":[],"parameters":[],"hasContent":false,"attachmentsCount":0,"shouldDisplayMessage":false,"stepsCount":0,"attachmentStep":false}],"labels":[{"name":"parentSuite","value":"tests"},{"name":"suite","value":"test_registration"},{"name":"subSuite","value":"TestParaBankRegistration"},{"name":"host","value":"LAPTOP-KFKF1IKR"},{"name":"thread","value":"22880-MainThread"},{"name":"framework","value":"pytest"},{"name":"language","value":"cpython3"},{"name":"package","value":"tests.test_registration"},{"name":"resultFormat","value":"allure2"}],"parameters":[],"links":[],"hidden":false,"retry":false,"extra":{"severity":"normal","retries":[{"uid":"ba1e967651dcd414","status":"broken","statusDetails":"requests.exceptions.ConnectionError: Could not reach host. Are you offline?","time":{"start":1764822529772,"stop":1764822529772,"duration":0}},{"uid":"28439c41ad9f44be","status":"broken","statusDetails":"selenium.common.exceptions.WebDriverException: Message: target frame detached\n  (failed to check if window was closed: disconnected: Unable to receive message from renderer)\n  (Session info: chrome=142.0.7444.176)\nStacktrace:\nSymbols not available. Dumping unresolved backtrace:\n\t0x434103\n\t0x434144\n\t0x23e56b\n\t0x22e91d\n\t0x22daca\n\t0x24c714\n\t0x24ba11\n\t0x2cf14f\n\t0x2ac706\n\t0x27da30\n\t0x27ed54\n\t0x6a57b4\n\t0x6a098a\n\t0x45c392\n\t0x44c4c8\n\t0x45324d\n\t0x43c478\n\t0x43c63c\n\t0x4267ca\n\t0x75745d49\n\t0x7733d6db\n\t0x7733d661","time":{"start":1764737421914,"stop":1764737423542,"duration":1628}},{"uid":"2862980a8b965d0e","status":"passed","time":{"start":1764667997054,"stop":1764668002061,"duration":5007}},{"uid":"686a5bef2866e6e3","status":"passed","time":{"start":1764667469052,"stop":1764667474473,"duration":5421}}],"categories":[{"name":"Product defects","matchedStatuses":[]}],"tags":[]},"source":"78fe9b76d3494b24.json","parameterValues":[]}